5579536 INFO  [si.isystem.eclipse.debug - 0] ISysAbstractCommand : ***  5579541.8768  ***  Failed to execute command: ICONNECT_E_ERROR: Error occurred while performing the requested operation. / isys::CSoCCtrl::SMP_get_focused_core() failed! winIDEA error: Not in session  [WrapperBase.cpp, 91]
java.io.IOException: ICONNECT_E_ERROR: Error occurred while performing the requested operation. / isys::CSoCCtrl::SMP_get_focused_core() failed! winIDEA error: Not in session  [WrapperBase.cpp, 91]
	at si.isystem.connect.connectJNI.CSoCCtrl_SMP_get_focused_core(Native Method)
	at si.isystem.connect.CSoCCtrl.SMP_get_focused_core(CSoCCtrl.java:156)
	at si.isystem.debug.core.proxy.SessionControllerProxy.getSMPFocusedCore(Unknown Source)
	at si.isystem.dsf.control.ISysAbstractCommand.switchCore(Unknown Source)
	at si.isystem.dsf.control.ISysAbstractCommand.preProcess(Unknown Source)
	at si.isystem.dsf.control.ISysAbstractCommand.executeCommand(Unknown Source)
	at si.isystem.dsf.services.ISysCommandControl$CommandExecutorJob$1.run(Unknown Source)
	at java.base/java.util.concurrent.Executors$RunnableAdapter.call(Executors.java:539)
	at java.base/java.util.concurrent.FutureTask.run(FutureTask.java:264)
	at java.base/java.util.concurrent.ScheduledThreadPoolExecutor$ScheduledFutureTask.run(ScheduledThreadPoolExecutor.java:304)
	at java.base/java.util.concurrent.ThreadPoolExecutor.runWorker(ThreadPoolExecutor.java:1136)
	at java.base/java.util.concurrent.ThreadPoolExecutor$Worker.run(ThreadPoolExecutor.java:635)
	at java.base/java.lang.Thread.run(Thread.java:840)
5579536 INFO  [si.isystem.eclipse.debug - 0] ISysAbstractCommand : ***  5579542.6751  ***  Failed to execute command: ICONNECT_E_ERROR: Error occurred while performing the requested operation. / isys::CSoCCtrl::SMP_get_focused_core() failed! winIDEA error: Not in session  [WrapperBase.cpp, 91]
java.io.IOException: ICONNECT_E_ERROR: Error occurred while performing the requested operation. / isys::CSoCCtrl::SMP_get_focused_core() failed! winIDEA error: Not in session  [WrapperBase.cpp, 91]
	at si.isystem.connect.connectJNI.CSoCCtrl_SMP_get_focused_core(Native Method)
	at si.isystem.connect.CSoCCtrl.SMP_get_focused_core(CSoCCtrl.java:156)
	at si.isystem.debug.core.proxy.SessionControllerProxy.getSMPFocusedCore(Unknown Source)
	at si.isystem.dsf.control.ISysAbstractCommand.switchCore(Unknown Source)
	at si.isystem.dsf.control.ISysAbstractCommand.preProcess(Unknown Source)
	at si.isystem.dsf.control.ISysAbstractCommand.executeCommand(Unknown Source)
	at si.isystem.dsf.services.ISysCommandControl$CommandExecutorJob$1.run(Unknown Source)
	at java.base/java.util.concurrent.Executors$RunnableAdapter.call(Executors.java:539)
	at java.base/java.util.concurrent.FutureTask.run(FutureTask.java:264)
	at java.base/java.util.concurrent.ScheduledThreadPoolExecutor$ScheduledFutureTask.run(ScheduledThreadPoolExecutor.java:304)
	at java.base/java.util.concurrent.ThreadPoolExecutor.runWorker(ThreadPoolExecutor.java:1136)
	at java.base/java.util.concurrent.ThreadPoolExecutor$Worker.run(ThreadPoolExecutor.java:635)
	at java.base/java.lang.Thread.run(Thread.java:840)
